{
  message: 'Database is connected successfully',
  level: 'info',
  label: 'UMS!',
  timestamp: '2023-06-27T15:11:14.211Z'
}
{
  message: 'Application listening on port 5000',
  level: 'info',
  label: 'UMS!',
  timestamp: '2023-06-27T15:11:14.224Z'
}
{
  message: 'Database is connected successfully',
  level: 'info',
  label: 'UMS!',
  timestamp: '2023-06-27T15:11:40.699Z'
}
{
  message: 'Application listening on port 5000',
  level: 'info',
  label: 'UMS!',
  timestamp: '2023-06-27T15:11:40.717Z'
}
