{
  message: 'Database is connected successfully',
  level: 'info',
  label: 'UMS!',
  timestamp: '2023-06-27T15:10:11.923Z'
}
{
  message: 'Application listening on port 5000',
  level: 'info',
  label: 'UMS!',
  timestamp: '2023-06-27T15:10:11.955Z'
}
{
  message: 'Database is connected successfully',
  level: 'info',
  label: 'UMS!',
  timestamp: '2023-06-27T15:11:59.282Z'
}
{
  message: 'Application listening on port 5000',
  level: 'info',
  label: 'UMS!',
  timestamp: '2023-06-27T15:11:59.292Z'
}
{
  message: 'Database is connected successfully',
  level: 'info',
  label: 'UMS!',
  timestamp: '2023-06-27T15:12:10.257Z'
}
{
  message: 'Application listening on port 5000',
  level: 'info',
  label: 'UMS!',
  timestamp: '2023-06-27T15:12:10.272Z'
}
{
  message: 'Database is connected successfully',
  level: 'info',
  label: 'UMS!',
  timestamp: '2023-06-27T15:12:19.849Z'
}
{
  message: 'Application listening on port 5000',
  level: 'info',
  label: 'UMS!',
  timestamp: '2023-06-27T15:12:19.875Z'
}
{
  message: 'Database is connected successfully',
  level: 'info',
  label: 'UMS!',
  timestamp: '2023-06-27T15:12:40.783Z'
}
{
  message: 'Application listening on port 5000',
  level: 'info',
  label: 'UMS!',
  timestamp: '2023-06-27T15:12:40.799Z'
}
{
  message: 'Database is connected successfully',
  level: 'info',
  label: 'UMS!',
  timestamp: '2023-06-27T15:13:03.285Z'
}
{
  message: 'Application listening on port 5000',
  level: 'info',
  label: 'UMS!',
  timestamp: '2023-06-27T15:13:03.301Z'
}
