Tue Jul 04 2023 23:14:55} [UMS!] error: Channel closed 
Tue Jul 04 2023 23:15:4} [UMS!] error: globalErrorHandler [
  {
    "received": "autumn",
    "code": "invalid_enum_value",
    "options": [
      "Autumn",
      "Summer",
      "Fall"
    ],
    "path": [
      "body",
      "title"
    ],
    "message": "Invalid enum value. Expected 'Autumn' | 'Summer' | 'Fall', received 'autumn'"
  },
  {
    "code": "invalid_type",
    "expected": "number",
    "received": "undefined",
    "path": [
      "body",
      "year"
    ],
    "message": "Year is required!"
  }
] 
Tue Jul 04 2023 23:15:17} [UMS!] error: globalErrorHandler [
  {
    "code": "invalid_type",
    "expected": "number",
    "received": "undefined",
    "path": [
      "body",
      "year"
    ],
    "message": "Year is required!"
  }
] 
